{
  "RSpec": {
    "coverage": {
      "/Users/abacon/Projects/makers/week4/pp_day1/bookmark_manager/spec/bookmark_spec.rb": [
        1,
        null,
        1,
        null,
        1,
        1,
        1,
        null,
        null,
        null
      ],
      "/Users/abacon/Projects/makers/week4/pp_day1/bookmark_manager/spec/features/bookmarks_spec.rb": [
        1,
        1,
        1,
        1,
        1,
        1,
        null,
        null
      ]
    },
    "timestamp": 1575302209
  }
}
